<?xml version="1.0" encoding="UTF-8"?>
<testng-results ignored="0" total="1" passed="1" failed="0" skipped="0">
  <reporter-output>
  </reporter-output>
  <suite started-at="2025-07-07T18:31:23 IST" name="Suite" finished-at="2025-07-07T18:31:54 IST" duration-ms="31328">
    <groups>
    </groups>
    <test started-at="2025-07-07T18:31:23 IST" name="Test" finished-at="2025-07-07T18:31:54 IST" duration-ms="31328">
      <class name="tests.EndToEndFlow">
        <test-method is-config="true" signature="setup()[pri:0, instance:tests.EndToEndFlow@c730b35]" started-at="2025-07-07T18:31:23 IST" name="setup" finished-at="2025-07-07T18:31:32 IST" duration-ms="9066" status="PASS">
          <reporter-output>
          </reporter-output>
        </test-method> <!-- setup -->
        <test-method signature="EndToEndTest()[pri:0, instance:tests.EndToEndFlow@c730b35]" started-at="2025-07-07T18:31:32 IST" name="EndToEndTest" finished-at="2025-07-07T18:31:53 IST" duration-ms="20134" status="PASS">
          <reporter-output>
          </reporter-output>
        </test-method> <!-- EndToEndTest -->
        <test-method is-config="true" signature="tearDown()[pri:0, instance:tests.EndToEndFlow@c730b35]" started-at="2025-07-07T18:31:53 IST" name="tearDown" finished-at="2025-07-07T18:31:54 IST" duration-ms="816" status="PASS">
          <reporter-output>
          </reporter-output>
        </test-method> <!-- tearDown -->
      </class> <!-- tests.EndToEndFlow -->
    </test> <!-- Test -->
  </suite> <!-- Suite -->
</testng-results>
